C:\DOCUMENTS AND SETTINGS\XP NEW\MY DOCUMENTS\VISUAL STUDIO 2010\PROJECTS\HW2\DEBUG\HW2.EXE
C:\DOCUMENTS AND SETTINGS\XP NEW\MY DOCUMENTS\VISUAL STUDIO 2010\PROJECTS\HW2\DEBUG\HW2.ILK
C:\DOCUMENTS AND SETTINGS\XP NEW\MY DOCUMENTS\VISUAL STUDIO 2010\PROJECTS\HW2\DEBUG\HW2.PDB
c:\documents and settings\xp new\my documents\visual studio 2010\Projects\hw2\hw2\Debug\cl.command.1.tlog
c:\documents and settings\xp new\my documents\visual studio 2010\Projects\hw2\hw2\Debug\CL.read.1.tlog
c:\documents and settings\xp new\my documents\visual studio 2010\Projects\hw2\hw2\Debug\CL.write.1.tlog
C:\DOCUMENTS AND SETTINGS\XP NEW\MY DOCUMENTS\VISUAL STUDIO 2010\PROJECTS\HW2\HW2\DEBUG\HW2.EXE.EMBED.MANIFEST
C:\DOCUMENTS AND SETTINGS\XP NEW\MY DOCUMENTS\VISUAL STUDIO 2010\PROJECTS\HW2\HW2\DEBUG\HW2.EXE.EMBED.MANIFEST.RES
C:\DOCUMENTS AND SETTINGS\XP NEW\MY DOCUMENTS\VISUAL STUDIO 2010\PROJECTS\HW2\HW2\DEBUG\HW2.EXE.INTERMEDIATE.MANIFEST
C:\DOCUMENTS AND SETTINGS\XP NEW\MY DOCUMENTS\VISUAL STUDIO 2010\PROJECTS\HW2\HW2\DEBUG\HW2.OBJ
C:\DOCUMENTS AND SETTINGS\XP NEW\MY DOCUMENTS\VISUAL STUDIO 2010\PROJECTS\HW2\HW2\DEBUG\HW2.PCH
c:\documents and settings\xp new\my documents\visual studio 2010\Projects\hw2\hw2\Debug\hw2_manifest.rc
c:\documents and settings\xp new\my documents\visual studio 2010\Projects\hw2\hw2\Debug\link.4076.read.1.tlog
c:\documents and settings\xp new\my documents\visual studio 2010\Projects\hw2\hw2\Debug\link.4076.write.1.tlog
c:\documents and settings\xp new\my documents\visual studio 2010\Projects\hw2\hw2\Debug\link.4076-cvtres.read.1.tlog
c:\documents and settings\xp new\my documents\visual studio 2010\Projects\hw2\hw2\Debug\link.4076-cvtres.write.1.tlog
c:\documents and settings\xp new\my documents\visual studio 2010\Projects\hw2\hw2\Debug\link.command.1.tlog
c:\documents and settings\xp new\my documents\visual studio 2010\Projects\hw2\hw2\Debug\link.read.1.tlog
c:\documents and settings\xp new\my documents\visual studio 2010\Projects\hw2\hw2\Debug\link.write.1.tlog
c:\documents and settings\xp new\my documents\visual studio 2010\Projects\hw2\hw2\Debug\link-cvtres.read.1.tlog
c:\documents and settings\xp new\my documents\visual studio 2010\Projects\hw2\hw2\Debug\link-cvtres.write.1.tlog
c:\documents and settings\xp new\my documents\visual studio 2010\Projects\hw2\hw2\Debug\mt.command.1.tlog
c:\documents and settings\xp new\my documents\visual studio 2010\Projects\hw2\hw2\Debug\mt.read.1.tlog
c:\documents and settings\xp new\my documents\visual studio 2010\Projects\hw2\hw2\Debug\mt.write.1.tlog
c:\documents and settings\xp new\my documents\visual studio 2010\Projects\hw2\hw2\Debug\rc.command.1.tlog
c:\documents and settings\xp new\my documents\visual studio 2010\Projects\hw2\hw2\Debug\rc.read.1.tlog
c:\documents and settings\xp new\my documents\visual studio 2010\Projects\hw2\hw2\Debug\rc.write.1.tlog
C:\DOCUMENTS AND SETTINGS\XP NEW\MY DOCUMENTS\VISUAL STUDIO 2010\PROJECTS\HW2\HW2\DEBUG\STDAFX.OBJ
c:\documents and settings\xp new\my documents\visual studio 2010\Projects\hw2\hw2\Debug\vc100.idb
C:\DOCUMENTS AND SETTINGS\XP NEW\MY DOCUMENTS\VISUAL STUDIO 2010\PROJECTS\HW2\HW2\DEBUG\VC100.PDB
