Build started 17/05/2013 18:08:09.
     1>Project "C:\Documents and Settings\xp new\My Documents\GitHub\HW2\hw2\hw2.vcxproj" on node 2 (build target(s)).
     1>InitializeBuildStatus:
         Creating "Debug\hw2.unsuccessfulbuild" because "AlwaysCreate" was specified.
       ClCompile:
         All outputs are up-to-date.
         C:\Program Files\Microsoft Visual Studio 10.0\VC\bin\CL.exe /c /IC:\OSG\include /ZI /nologo /W3 /WX- /Od /Oy- /D WIN32 /D _DEBUG /D _CONSOLE /D _UNICODE /D UNICODE /Gm /EHsc /RTC1 /MDd /GS /fp:precise /Zc:wchar_t /Zc:forScope /Yu"StdAfx.h" /Fp"Debug\hw2.pch" /Fo"Debug\\" /Fd"Debug\vc100.pdb" /Gd /TP /analyze- /errorReport:prompt hw2.cpp
         hw2.cpp
       ManifestResourceCompile:
         All outputs are up-to-date.
       Link:
         C:\Program Files\Microsoft Visual Studio 10.0\VC\bin\link.exe /ERRORREPORT:PROMPT /OUT:"C:\Documents and Settings\xp new\My Documents\GitHub\HW2\Debug\hw2.exe" /INCREMENTAL /NOLOGO /LIBPATH:C:\OSG\lib osgViewerd.lib osgSimd.lib osgd.lib osgDBd.lib osgGAd.lib osgTextd.lib osgManipulatord.lib osgUtild.lib /MANIFEST /ManifestFile:"Debug\hw2.exe.intermediate.manifest" /MANIFESTUAC:"level='asInvoker' uiAccess='false'" /DEBUG /PDB:"C:\Documents and Settings\xp new\My Documents\GitHub\HW2\Debug\hw2.pdb" /SUBSYSTEM:CONSOLE /TLBID:1 /DYNAMICBASE /NXCOMPAT /IMPLIB:"C:\Documents and Settings\xp new\My Documents\GitHub\HW2\Debug\hw2.lib" /MACHINE:X86 Debug\hw2.exe.embed.manifest.res
         Debug\hw2.obj
         Debug\stdafx.obj
       Manifest:
         C:\Program Files\Microsoft SDKs\Windows\v7.0A\bin\mt.exe /nologo /verbose /out:"Debug\hw2.exe.embed.manifest" /manifest Debug\hw2.exe.intermediate.manifest
         All outputs are up-to-date.
       LinkEmbedManifest:
         All outputs are up-to-date.
         hw2.vcxproj -> C:\Documents and Settings\xp new\My Documents\GitHub\HW2\Debug\hw2.exe
       FinalizeBuildStatus:
         Deleting file "Debug\hw2.unsuccessfulbuild".
         Touching "Debug\hw2.lastbuildstate".
     1>Done Building Project "C:\Documents and Settings\xp new\My Documents\GitHub\HW2\hw2\hw2.vcxproj" (build target(s)).

Build succeeded.

Time Elapsed 00:01:53.04
